Arguments: 
  K:\Nodejs\node.exe K:\Yarn\bin\yarn.js add react-reaponsive

PATH: 
  C:\Python312\Scripts\;C:\Python312\;C:\Windows\system32;C:\Windows;C:\Windows\System32\Wbem;C:\Windows\System32\WindowsPowerShell\v1.0\;C:\Windows\System32\OpenSSH\;C:\Program Files\Microsoft SQL Server\150\Tools\Binn\;K:\Git\cmd;C:\Program Files (x86)\Windows Kits\8.1\Windows Performance Toolkit\;C:\Program Files\NVIDIA Corporation\NVIDIA NvDLISR;C:\Program Files (x86)\NVIDIA Corporation\PhysX\Common;K:\Yarn\bin\;K:\nvm;K:\Nodejs;K:\Yarn;K:\nodejs\;K:\Amazon\AWSCLIV2\;K:\page;K:\Python\Scripts\;K:\Python\;C:\Users\0HuXa\AppData\Local\Microsoft\WindowsApps;K:\Microsoft VS Code\bin;C:\Users\0HuXa\AppData\Local\Yarn\bin;K:\nvm;K:\Nodejs;C:\Users\0HuXa\AppData\Local\GitHubDesktop\bin;C:\ghcup\bin;C:\Users\0HuXa\AppData\Roaming\npm;K:\pyenv\.pyenv\pyenv-win\bin;K:\pyenv\.pyenv\pyenv-win\shims;

Yarn version: 
  1.22.19

Node version: 
  20.13.1

Platform: 
  win32 x64

Trace: 
  Error: https://registry.yarnpkg.com/react-reaponsive: Not found
      at params.callback [as _callback] (K:\Yarn\lib\cli.js:66145:18)
      at self.callback (K:\Yarn\lib\cli.js:140890:22)
      at Request.emit (node:events:519:28)
      at Request.<anonymous> (K:\Yarn\lib\cli.js:141862:10)
      at Request.emit (node:events:519:28)
      at IncomingMessage.<anonymous> (K:\Yarn\lib\cli.js:141784:12)
      at Object.onceWrapper (node:events:633:28)
      at IncomingMessage.emit (node:events:531:35)
      at endReadableNT (node:internal/streams/readable:1696:12)
      at process.processTicksAndRejections (node:internal/process/task_queues:82:21)

npm manifest: 
  No manifest

yarn manifest: 
  No manifest

Lockfile: 
  No lockfile
